<?xml version="1.0" encoding="UTF-8"?>
<beans xmlns="http://www.springframework.org/schema/beans"
	xmlns:xsi="http://www.w3.org/2001/XMLSchema-instance" xmlns:p="http://www.springframework.org/schema/p"
	xmlns:context="http://www.springframework.org/schema/context"
	xmlns:util="http://www.springframework.org/schema/util" xmlns:tx="http://www.springframework.org/schema/tx"
	xmlns:aop="http://www.springframework.org/schema/aop" xmlns:task="http://www.springframework.org/schema/task"
	xsi:schemaLocation="http://www.springframework.org/schema/beans http://www.springframework.org/schema/beans/spring-beans-3.0.xsd
			http://www.springframework.org/schema/context http://www.springframework.org/schema/context/spring-context-3.0.xsd
			http://www.springframework.org/schema/util http://www.springframework.org/schema/util/spring-util-3.0.xsd
			http://www.springframework.org/schema/tx http://www.springframework.org/schema/tx/spring-tx-3.0.xsd
			http://www.springframework.org/schema/aop http://www.springframework.org/schema/aop/spring-aop-3.0.xsd
			http://www.springframework.org/schema/task http://www.springframework.org/schema/task/spring-task-3.0.xsd">
	
	<bean id="dataSource" class="org.apache.commons.dbcp.BasicDataSource" destroy-method="close" lazy-init="false">
		<property name="driverClassName" value="com.mysql.jdbc.Driver" />
		<property name="url" value="jdbc:mysql://192.168.5.35:3306/icloudcn?noDatetimeStringSync=true&amp;characterEncoding=utf8&amp;useUnicode=yes" />
		<property name="username" value="icdadm" />
		<property name="password" value="icdadm" />
		<property name="maxActive" value="20" />
		<property name="maxIdle" value="0" />
		<property name="maxWait" value="180000" />
		<property name="removeAbandoned" value="true" />
		<property name="removeAbandonedTimeout" value="300" />
		<property name="logAbandoned" value="true" />
		<property name="testOnBorrow" value="true" />
		<property name="testWhileIdle" value="true" />
		<property name="validationQuery" value="select 1" />
	</bean>
</beans>